# JRE version: Java(TM) SE Runtime Environment (8.0_111-b14) (build 1.8.0_111-b14)
# Java VM: Java HotSpot(TM) Client VM (25.111-b14 mixed mode windows-x86 )
Heap:
 def new generation   total 18752K, used 12596K [0x04a00000, 0x05e50000, 0x24a00000)
  eden space 16704K,  63% used [0x04a00000, 0x0544d1f0, 0x05a50000)
  from space 2048K, 100% used [0x05c50000, 0x05e50000, 0x05e50000)
  to   space 2048K,   0% used [0x05a50000, 0x05a50000, 0x05c50000)
 tenured generation   total 41404K, used 25325K [0x24a00000, 0x2726f000, 0x64a00000)
   the space 41404K,  61% used [0x24a00000, 0x262bb480, 0x262bb600, 0x2726f000)
 Metaspace       used 30690K, capacity 31352K, committed 31488K, reserved 32128K
GC Heap History (10 events):
Event: 30.538 GC heap before
{Heap before GC invocations=84 (full 3):
 def new generation   total 12608K, used 12569K [0x04a00000, 0x057a0000, 0x24a00000)
  eden space 11264K, 100% used [0x04a00000, 0x05500000, 0x05500000)
  from space 1344K,  97% used [0x05500000, 0x05646770, 0x05650000)
  to   space 1344K,   0% used [0x05650000, 0x05650000, 0x057a0000)
 tenured generation   total 27756K, used 24925K [0x24a00000, 0x2651b000, 0x64a00000)
   the space 27756K,  89% used [0x24a00000, 0x262575f8, 0x26257600, 0x2651b000)
 Metaspace       used 29282K, capacity 29965K, committed 30080K, reserved 30080K
Event: 30.550 GC heap after
Heap after GC invocations=85 (full 3):
 def new generation   total 12608K, used 1344K [0x04a00000, 0x057a0000, 0x24a00000)
  eden space 11264K,   0% used [0x04a00000, 0x04a00000, 0x05500000)
  from space 1344K, 100% used [0x05650000, 0x057a0000, 0x057a0000)
  to   space 1344K,   0% used [0x05500000, 0x05500000, 0x05650000)
 tenured generation   total 27756K, used 25486K [0x24a00000, 0x2651b000, 0x64a00000)
   the space 27756K,  91% used [0x24a00000, 0x262e3858, 0x262e3a00, 0x2651b000)
 Metaspace       used 29282K, capacity 29965K, committed 30080K, reserved 30080K
}
Event: 30.651 GC heap before
{Heap before GC invocations=85 (full 3):
 def new generation   total 12608K, used 12607K [0x04a00000, 0x057a0000, 0x24a00000)
  eden space 11264K,  99% used [0x04a00000, 0x054ffde0, 0x05500000)
  from space 1344K, 100% used [0x05650000, 0x057a0000, 0x057a0000)
  to   space 1344K,   0% used [0x05500000, 0x05500000, 0x05650000)
 tenured generation   total 27756K, used 25486K [0x24a00000, 0x2651b000, 0x64a00000)
   the space 27756K,  91% used [0x24a00000, 0x262e3858, 0x262e3a00, 0x2651b000)
 Metaspace       used 29289K, capacity 29965K, committed 30080K, reserved 30080K
Event: 30.658 GC heap after
Heap after GC invocations=86 (full 3):
 def new generation   total 12608K, used 185K [0x04a00000, 0x057a0000, 0x24a00000)
  eden space 11264K,   0% used [0x04a00000, 0x04a00000, 0x05500000)
  from space 1344K,  13% used [0x05500000, 0x0552e5a8, 0x05650000)
  to   space 1344K,   0% used [0x05650000, 0x05650000, 0x057a0000)
 tenured generation   total 27756K, used 26819K [0x24a00000, 0x2651b000, 0x64a00000)
   the space 27756K,  96% used [0x24a00000, 0x26430ed0, 0x26431000, 0x2651b000)
 Metaspace       used 29289K, capacity 29965K, committed 30080K, reserved 30080K
}
Event: 31.009 GC heap before
{Heap before GC invocations=86 (full 3):
 def new generation   total 12608K, used 11449K [0x04a00000, 0x057a0000, 0x24a00000)
  eden space 11264K, 100% used [0x04a00000, 0x05500000, 0x05500000)
  from space 1344K,  13% used [0x05500000, 0x0552e5a8, 0x05650000)
  to   space 1344K,   0% used [0x05650000, 0x05650000, 0x057a0000)
 tenured generation   total 27756K, used 26819K [0x24a00000, 0x2651b000, 0x64a00000)
   the space 27756K,  96% used [0x24a00000, 0x26430ed0, 0x26431000, 0x2651b000)
 Metaspace       used 29600K, capacity 30256K, committed 30336K, reserved 31104K
Event: 31.014 GC heap after
Heap after GC invocations=87 (full 3):
 def new generation   total 12608K, used 875K [0x04a00000, 0x057a0000, 0x24a00000)
  eden space 11264K,   0% used [0x04a00000, 0x04a00000, 0x05500000)
  from space 1344K,  65% used [0x05650000, 0x0572ae10, 0x057a0000)
  to   space 1344K,   0% used [0x05500000, 0x05500000, 0x05650000)
 tenured generation   total 27756K, used 26819K [0x24a00000, 0x2651b000, 0x64a00000)
   the space 27756K,  96% used [0x24a00000, 0x26430ed0, 0x26431000, 0x2651b000)
 Metaspace       used 29600K, capacity 30256K, committed 30336K, reserved 31104K
}
Event: 31.261 GC heap before
{Heap before GC invocations=87 (full 3):
 def new generation   total 12608K, used 12139K [0x04a00000, 0x057a0000, 0x24a00000)
  eden space 11264K, 100% used [0x04a00000, 0x05500000, 0x05500000)
  from space 1344K,  65% used [0x05650000, 0x0572ae10, 0x057a0000)
  to   space 1344K,   0% used [0x05500000, 0x05500000, 0x05650000)
 tenured generation   total 27756K, used 26819K [0x24a00000, 0x2651b000, 0x64a00000)
   the space 27756K,  96% used [0x24a00000, 0x26430ed0, 0x26431000, 0x2651b000)
 Metaspace       used 29608K, capacity 30258K, committed 30336K, reserved 31104K
Event: 31.416 GC heap after
Heap after GC invocations=88 (full 4):
 def new generation   total 18752K, used 0K [0x04a00000, 0x05e50000, 0x24a00000)
  eden space 16704K,   0% used [0x04a00000, 0x04a00000, 0x05a50000)
  from space 2048K,   0% used [0x05a50000, 0x05a50000, 0x05c50000)
  to   space 2048K,   0% used [0x05c50000, 0x05c50000, 0x05e50000)
 tenured generation   total 41404K, used 24841K [0x24a00000, 0x2726f000, 0x64a00000)
   the space 41404K,  59% used [0x24a00000, 0x262427e0, 0x26242800, 0x2726f000)
 Metaspace       used 29577K, capacity 30219K, committed 30336K, reserved 31104K
}
Event: 31.604 GC heap before
{Heap before GC invocations=88 (full 4):
 def new generation   total 18752K, used 16704K [0x04a00000, 0x05e50000, 0x24a00000)
  eden space 16704K, 100% used [0x04a00000, 0x05a50000, 0x05a50000)
  from space 2048K,   0% used [0x05a50000, 0x05a50000, 0x05c50000)
  to   space 2048K,   0% used [0x05c50000, 0x05c50000, 0x05e50000)
 tenured generation   total 41404K, used 24841K [0x24a00000, 0x2726f000, 0x64a00000)
   the space 41404K,  59% used [0x24a00000, 0x262427e0, 0x26242800, 0x2726f000)
 Metaspace       used 29577K, capacity 30219K, committed 30336K, reserved 31104K
Event: 31.620 GC heap after
Heap after GC invocations=89 (full 4):
 def new generation   total 18752K, used 2048K [0x04a00000, 0x05e50000, 0x24a00000)
  eden space 16704K,   0% used [0x04a00000, 0x04a00000, 0x05a50000)
  from space 2048K, 100% used [0x05c50000, 0x05e50000, 0x05e50000)
  to   space 2048K,   0% used [0x05a50000, 0x05a50000, 0x05c50000)
 tenured generation   total 41404K, used 25325K [0x24a00000, 0x2726f000, 0x64a00000)
   the space 41404K,  61% used [0x24a00000, 0x262bb480, 0x262bb600, 0x2726f000)
 Metaspace       used 29577K, capacity 30219K, committed 30336K, reserved 31104K
}

