# JRE version: Java(TM) SE Runtime Environment (8.0_111-b14) (build 1.8.0_111-b14)
# Java VM: Java HotSpot(TM) Client VM (25.111-b14 mixed mode windows-x86 )
Heap:
 def new generation   total 20992K, used 14853K [0x04400000, 0x05ac0000, 0x24400000)
  eden space 18688K,  67% used [0x04400000, 0x05041540, 0x05640000)
  from space 2304K, 100% used [0x05880000, 0x05ac0000, 0x05ac0000)
  to   space 2304K,   0% used [0x05640000, 0x05640000, 0x05880000)
 tenured generation   total 46404K, used 28242K [0x24400000, 0x27151000, 0x64400000)
   the space 46404K,  60% used [0x24400000, 0x25f94ba8, 0x25f94c00, 0x27151000)
 Metaspace       used 30734K, capacity 31388K, committed 31488K, reserved 32128K
GC Heap History (10 events):
Event: 11.508 GC heap before
{Heap before GC invocations=82 (full 3):
 def new generation   total 12224K, used 12106K [0x04400000, 0x05140000, 0x24400000)
  eden space 10880K, 100% used [0x04400000, 0x04ea0000, 0x04ea0000)
  from space 1344K,  91% used [0x04ff0000, 0x05122b58, 0x05140000)
  to   space 1344K,   0% used [0x04ea0000, 0x04ea0000, 0x04ff0000)
 tenured generation   total 26932K, used 24072K [0x24400000, 0x25e4d000, 0x64400000)
   the space 26932K,  89% used [0x24400000, 0x25b82318, 0x25b82400, 0x25e4d000)
 Metaspace       used 29331K, capacity 30021K, committed 30080K, reserved 30080K
Event: 11.519 GC heap after
Heap after GC invocations=83 (full 3):
 def new generation   total 12224K, used 1195K [0x04400000, 0x05140000, 0x24400000)
  eden space 10880K,   0% used [0x04400000, 0x04400000, 0x04ea0000)
  from space 1344K,  88% used [0x04ea0000, 0x04fcae38, 0x04ff0000)
  to   space 1344K,   0% used [0x04ff0000, 0x04ff0000, 0x05140000)
 tenured generation   total 26932K, used 24855K [0x24400000, 0x25e4d000, 0x64400000)
   the space 26932K,  92% used [0x24400000, 0x25c45da0, 0x25c45e00, 0x25e4d000)
 Metaspace       used 29331K, capacity 30021K, committed 30080K, reserved 30080K
}
Event: 11.723 GC heap before
{Heap before GC invocations=83 (full 3):
 def new generation   total 12224K, used 12075K [0x04400000, 0x05140000, 0x24400000)
  eden space 10880K, 100% used [0x04400000, 0x04ea0000, 0x04ea0000)
  from space 1344K,  88% used [0x04ea0000, 0x04fcae38, 0x04ff0000)
  to   space 1344K,   0% used [0x04ff0000, 0x04ff0000, 0x05140000)
 tenured generation   total 26932K, used 24855K [0x24400000, 0x25e4d000, 0x64400000)
   the space 26932K,  92% used [0x24400000, 0x25c45da0, 0x25c45e00, 0x25e4d000)
 Metaspace       used 29353K, capacity 30053K, committed 30080K, reserved 30080K
Event: 11.734 GC heap after
Heap after GC invocations=84 (full 3):
 def new generation   total 12224K, used 1162K [0x04400000, 0x05140000, 0x24400000)
  eden space 10880K,   0% used [0x04400000, 0x04400000, 0x04ea0000)
  from space 1344K,  86% used [0x04ff0000, 0x05112810, 0x05140000)
  to   space 1344K,   0% used [0x04ea0000, 0x04ea0000, 0x04ff0000)
 tenured generation   total 26932K, used 25335K [0x24400000, 0x25e4d000, 0x64400000)
   the space 26932K,  94% used [0x24400000, 0x25cbdd20, 0x25cbde00, 0x25e4d000)
 Metaspace       used 29353K, capacity 30053K, committed 30080K, reserved 30080K
}
Event: 11.831 GC heap before
{Heap before GC invocations=84 (full 3):
 def new generation   total 12224K, used 12042K [0x04400000, 0x05140000, 0x24400000)
  eden space 10880K, 100% used [0x04400000, 0x04ea0000, 0x04ea0000)
  from space 1344K,  86% used [0x04ff0000, 0x05112810, 0x05140000)
  to   space 1344K,   0% used [0x04ea0000, 0x04ea0000, 0x04ff0000)
 tenured generation   total 26932K, used 25335K [0x24400000, 0x25e4d000, 0x64400000)
   the space 26932K,  94% used [0x24400000, 0x25cbdd20, 0x25cbde00, 0x25e4d000)
 Metaspace       used 29610K, capacity 30279K, committed 30336K, reserved 31104K
Event: 11.842 GC heap after
Heap after GC invocations=85 (full 3):
 def new generation   total 12224K, used 578K [0x04400000, 0x05140000, 0x24400000)
  eden space 10880K,   0% used [0x04400000, 0x04400000, 0x04ea0000)
  from space 1344K,  43% used [0x04ea0000, 0x04f30838, 0x04ff0000)
  to   space 1344K,   0% used [0x04ff0000, 0x04ff0000, 0x05140000)
 tenured generation   total 26932K, used 26446K [0x24400000, 0x25e4d000, 0x64400000)
   the space 26932K,  98% used [0x24400000, 0x25dd3ae0, 0x25dd3c00, 0x25e4d000)
 Metaspace       used 29610K, capacity 30279K, committed 30336K, reserved 31104K
}
Event: 12.093 GC heap before
{Heap before GC invocations=85 (full 3):
 def new generation   total 12224K, used 11458K [0x04400000, 0x05140000, 0x24400000)
  eden space 10880K, 100% used [0x04400000, 0x04ea0000, 0x04ea0000)
  from space 1344K,  43% used [0x04ea0000, 0x04f30838, 0x04ff0000)
  to   space 1344K,   0% used [0x04ff0000, 0x04ff0000, 0x05140000)
 tenured generation   total 26932K, used 26446K [0x24400000, 0x25e4d000, 0x64400000)
   the space 26932K,  98% used [0x24400000, 0x25dd3ae0, 0x25dd3c00, 0x25e4d000)
 Metaspace       used 29671K, capacity 30346K, committed 30464K, reserved 31104K
Event: 12.263 GC heap after
Heap after GC invocations=86 (full 4):
 def new generation   total 20992K, used 0K [0x04400000, 0x05ac0000, 0x24400000)
  eden space 18688K,   0% used [0x04400000, 0x04400000, 0x05640000)
  from space 2304K,   0% used [0x05640000, 0x05640000, 0x05880000)
  to   space 2304K,   0% used [0x05880000, 0x05880000, 0x05ac0000)
 tenured generation   total 46404K, used 27842K [0x24400000, 0x27151000, 0x64400000)
   the space 46404K,  59% used [0x24400000, 0x25f30878, 0x25f30a00, 0x27151000)
 Metaspace       used 29605K, capacity 30256K, committed 30464K, reserved 31104K
}
Event: 12.457 GC heap before
{Heap before GC invocations=86 (full 4):
 def new generation   total 20992K, used 18688K [0x04400000, 0x05ac0000, 0x24400000)
  eden space 18688K, 100% used [0x04400000, 0x05640000, 0x05640000)
  from space 2304K,   0% used [0x05640000, 0x05640000, 0x05880000)
  to   space 2304K,   0% used [0x05880000, 0x05880000, 0x05ac0000)
 tenured generation   total 46404K, used 27842K [0x24400000, 0x27151000, 0x64400000)
   the space 46404K,  59% used [0x24400000, 0x25f30878, 0x25f30a00, 0x27151000)
 Metaspace       used 29629K, capacity 30288K, committed 30464K, reserved 31104K
Event: 12.470 GC heap after
Heap after GC invocations=87 (full 4):
 def new generation   total 20992K, used 2304K [0x04400000, 0x05ac0000, 0x24400000)
  eden space 18688K,   0% used [0x04400000, 0x04400000, 0x05640000)
  from space 2304K, 100% used [0x05880000, 0x05ac0000, 0x05ac0000)
  to   space 2304K,   0% used [0x05640000, 0x05640000, 0x05880000)
 tenured generation   total 46404K, used 28242K [0x24400000, 0x27151000, 0x64400000)
   the space 46404K,  60% used [0x24400000, 0x25f94ba8, 0x25f94c00, 0x27151000)
 Metaspace       used 29629K, capacity 30288K, committed 30464K, reserved 31104K
}

