# JRE version: Java(TM) SE Runtime Environment (8.0_111-b14) (build 1.8.0_111-b14)
# Java VM: Java HotSpot(TM) Client VM (25.111-b14 mixed mode windows-x86 )
Heap:
 def new generation   total 17600K, used 8097K [0x04200000, 0x05510000, 0x24200000)
  eden space 15680K,  39% used [0x04200000, 0x04808460, 0x05150000)
  from space 1920K, 100% used [0x05150000, 0x05330000, 0x05330000)
  to   space 1920K,   0% used [0x05330000, 0x05330000, 0x05510000)
 tenured generation   total 38908K, used 25739K [0x24200000, 0x267ff000, 0x64200000)
   the space 38908K,  66% used [0x24200000, 0x25b22fc0, 0x25b23000, 0x267ff000)
 Metaspace       used 30895K, capacity 31565K, committed 31872K, reserved 32128K
GC Heap History (10 events):
Event: 41.121 GC heap before
{Heap before GC invocations=86 (full 3):
 def new generation   total 12480K, used 11318K [0x04200000, 0x04f80000, 0x24200000)
  eden space 11136K, 100% used [0x04200000, 0x04ce0000, 0x04ce0000)
  from space 1344K,  13% used [0x04ce0000, 0x04d0db98, 0x04e30000)
  to   space 1344K,   0% used [0x04e30000, 0x04e30000, 0x04f80000)
 tenured generation   total 27496K, used 26600K [0x24200000, 0x25cda000, 0x64200000)
   the space 27496K,  96% used [0x24200000, 0x25bfa050, 0x25bfa200, 0x25cda000)
 Metaspace       used 28661K, capacity 29339K, committed 29440K, reserved 30080K
Event: 41.131 GC heap after
Heap after GC invocations=87 (full 3):
 def new generation   total 12480K, used 543K [0x04200000, 0x04f80000, 0x24200000)
  eden space 11136K,   0% used [0x04200000, 0x04200000, 0x04ce0000)
  from space 1344K,  40% used [0x04e30000, 0x04eb7f00, 0x04f80000)
  to   space 1344K,   0% used [0x04ce0000, 0x04ce0000, 0x04e30000)
 tenured generation   total 27496K, used 26600K [0x24200000, 0x25cda000, 0x64200000)
   the space 27496K,  96% used [0x24200000, 0x25bfa050, 0x25bfa200, 0x25cda000)
 Metaspace       used 28661K, capacity 29339K, committed 29440K, reserved 30080K
}
Event: 44.326 GC heap before
{Heap before GC invocations=87 (full 3):
 def new generation   total 12480K, used 11679K [0x04200000, 0x04f80000, 0x24200000)
  eden space 11136K, 100% used [0x04200000, 0x04ce0000, 0x04ce0000)
  from space 1344K,  40% used [0x04e30000, 0x04eb7f00, 0x04f80000)
  to   space 1344K,   0% used [0x04ce0000, 0x04ce0000, 0x04e30000)
 tenured generation   total 27496K, used 26600K [0x24200000, 0x25cda000, 0x64200000)
   the space 27496K,  96% used [0x24200000, 0x25bfa050, 0x25bfa200, 0x25cda000)
 Metaspace       used 29616K, capacity 30301K, committed 30336K, reserved 31104K
Event: 44.338 GC heap after
Heap after GC invocations=88 (full 3):
 def new generation   total 12480K, used 866K [0x04200000, 0x04f80000, 0x24200000)
  eden space 11136K,   0% used [0x04200000, 0x04200000, 0x04ce0000)
  from space 1344K,  64% used [0x04ce0000, 0x04db8b08, 0x04e30000)
  to   space 1344K,   0% used [0x04e30000, 0x04e30000, 0x04f80000)
 tenured generation   total 27496K, used 26600K [0x24200000, 0x25cda000, 0x64200000)
   the space 27496K,  96% used [0x24200000, 0x25bfa050, 0x25bfa200, 0x25cda000)
 Metaspace       used 29616K, capacity 30301K, committed 30336K, reserved 31104K
}
Event: 44.783 GC heap before
{Heap before GC invocations=88 (full 3):
 def new generation   total 12480K, used 12002K [0x04200000, 0x04f80000, 0x24200000)
  eden space 11136K, 100% used [0x04200000, 0x04ce0000, 0x04ce0000)
  from space 1344K,  64% used [0x04ce0000, 0x04db8b08, 0x04e30000)
  to   space 1344K,   0% used [0x04e30000, 0x04e30000, 0x04f80000)
 tenured generation   total 27496K, used 26600K [0x24200000, 0x25cda000, 0x64200000)
   the space 27496K,  96% used [0x24200000, 0x25bfa050, 0x25bfa200, 0x25cda000)
 Metaspace       used 29924K, capacity 30626K, committed 30720K, reserved 31104K
Event: 44.950 GC heap after
Heap after GC invocations=89 (full 4):
 def new generation   total 17600K, used 0K [0x04200000, 0x05510000, 0x24200000)
  eden space 15680K,   0% used [0x04200000, 0x04200000, 0x05150000)
  from space 1920K,   0% used [0x05150000, 0x05150000, 0x05330000)
  to   space 1920K,   0% used [0x05330000, 0x05330000, 0x05510000)
 tenured generation   total 38908K, used 23343K [0x24200000, 0x267ff000, 0x64200000)
   the space 38908K,  59% used [0x24200000, 0x258cbe90, 0x258cc000, 0x267ff000)
 Metaspace       used 29771K, capacity 30425K, committed 30720K, reserved 31104K
}
Event: 45.132 GC heap before
{Heap before GC invocations=89 (full 4):
 def new generation   total 17600K, used 15680K [0x04200000, 0x05510000, 0x24200000)
  eden space 15680K, 100% used [0x04200000, 0x05150000, 0x05150000)
  from space 1920K,   0% used [0x05150000, 0x05150000, 0x05330000)
  to   space 1920K,   0% used [0x05330000, 0x05330000, 0x05510000)
 tenured generation   total 38908K, used 23343K [0x24200000, 0x267ff000, 0x64200000)
   the space 38908K,  59% used [0x24200000, 0x258cbe90, 0x258cc000, 0x267ff000)
 Metaspace       used 29774K, capacity 30427K, committed 30720K, reserved 31104K
Event: 45.146 GC heap after
Heap after GC invocations=90 (full 4):
 def new generation   total 17600K, used 1920K [0x04200000, 0x05510000, 0x24200000)
  eden space 15680K,   0% used [0x04200000, 0x04200000, 0x05150000)
  from space 1920K, 100% used [0x05330000, 0x05510000, 0x05510000)
  to   space 1920K,   0% used [0x05150000, 0x05150000, 0x05330000)
 tenured generation   total 38908K, used 23643K [0x24200000, 0x267ff000, 0x64200000)
   the space 38908K,  60% used [0x24200000, 0x25916c00, 0x25916c00, 0x267ff000)
 Metaspace       used 29774K, capacity 30427K, committed 30720K, reserved 31104K
}
Event: 45.346 GC heap before
{Heap before GC invocations=90 (full 4):
 def new generation   total 17600K, used 17600K [0x04200000, 0x05510000, 0x24200000)
  eden space 15680K, 100% used [0x04200000, 0x05150000, 0x05150000)
  from space 1920K, 100% used [0x05330000, 0x05510000, 0x05510000)
  to   space 1920K,   0% used [0x05150000, 0x05150000, 0x05330000)
 tenured generation   total 38908K, used 23643K [0x24200000, 0x267ff000, 0x64200000)
   the space 38908K,  60% used [0x24200000, 0x25916c00, 0x25916c00, 0x267ff000)
 Metaspace       used 30058K, capacity 30696K, committed 30976K, reserved 31104K
Event: 45.362 GC heap after
Heap after GC invocations=91 (full 4):
 def new generation   total 17600K, used 1920K [0x04200000, 0x05510000, 0x24200000)
  eden space 15680K,   0% used [0x04200000, 0x04200000, 0x05150000)
  from space 1920K, 100% used [0x05150000, 0x05330000, 0x05330000)
  to   space 1920K,   0% used [0x05330000, 0x05330000, 0x05510000)
 tenured generation   total 38908K, used 25739K [0x24200000, 0x267ff000, 0x64200000)
   the space 38908K,  66% used [0x24200000, 0x25b22fc0, 0x25b23000, 0x267ff000)
 Metaspace       used 30058K, capacity 30696K, committed 30976K, reserved 31104K
}

