# JRE version: Java(TM) SE Runtime Environment (8.0_111-b14) (build 1.8.0_111-b14)
# Java VM: Java HotSpot(TM) Client VM (25.111-b14 mixed mode windows-x86 )
Heap:
 def new generation   total 28864K, used 7110K [0x04800000, 0x06750000, 0x24800000)
  eden space 25664K,  19% used [0x04800000, 0x04cd5740, 0x06110000)
  from space 3200K,  67% used [0x06430000, 0x0664c120, 0x06750000)
  to   space 3200K,   0% used [0x06110000, 0x06110000, 0x06430000)
 tenured generation   total 64048K, used 52171K [0x24800000, 0x2868c000, 0x64800000)
   the space 64048K,  81% used [0x24800000, 0x27af2c20, 0x27af2e00, 0x2868c000)
 Metaspace       used 38435K, capacity 39542K, committed 39552K, reserved 40320K
GC Heap History (10 events):
Event: 2666.330 GC heap before
{Heap before GC invocations=128 (full 8):
 def new generation   total 28864K, used 27273K [0x04800000, 0x06750000, 0x24800000)
  eden space 25664K, 100% used [0x04800000, 0x06110000, 0x06110000)
  from space 3200K,  50% used [0x06110000, 0x062a24c0, 0x06430000)
  to   space 3200K,   0% used [0x06430000, 0x06430000, 0x06750000)
 tenured generation   total 64048K, used 38427K [0x24800000, 0x2868c000, 0x64800000)
   the space 64048K,  59% used [0x24800000, 0x26d86cc8, 0x26d86e00, 0x2868c000)
 Metaspace       used 37465K, capacity 38535K, committed 38656K, reserved 39296K
Event: 2666.402 GC heap after
Heap after GC invocations=129 (full 8):
 def new generation   total 28864K, used 1103K [0x04800000, 0x06750000, 0x24800000)
  eden space 25664K,   0% used [0x04800000, 0x04800000, 0x06110000)
  from space 3200K,  34% used [0x06430000, 0x06543ce0, 0x06750000)
  to   space 3200K,   0% used [0x06110000, 0x06110000, 0x06430000)
 tenured generation   total 64048K, used 39284K [0x24800000, 0x2868c000, 0x64800000)
   the space 64048K,  61% used [0x24800000, 0x26e5d260, 0x26e5d400, 0x2868c000)
 Metaspace       used 37465K, capacity 38535K, committed 38656K, reserved 39296K
}
Event: 2667.060 GC heap before
{Heap before GC invocations=129 (full 8):
 def new generation   total 28864K, used 26767K [0x04800000, 0x06750000, 0x24800000)
  eden space 25664K, 100% used [0x04800000, 0x06110000, 0x06110000)
  from space 3200K,  34% used [0x06430000, 0x06543ce0, 0x06750000)
  to   space 3200K,   0% used [0x06110000, 0x06110000, 0x06430000)
 tenured generation   total 64048K, used 39284K [0x24800000, 0x2868c000, 0x64800000)
   the space 64048K,  61% used [0x24800000, 0x26e5d260, 0x26e5d400, 0x2868c000)
 Metaspace       used 37480K, capacity 38555K, committed 38656K, reserved 39296K
Event: 2667.073 GC heap after
Heap after GC invocations=130 (full 8):
 def new generation   total 28864K, used 2335K [0x04800000, 0x06750000, 0x24800000)
  eden space 25664K,   0% used [0x04800000, 0x04800000, 0x06110000)
  from space 3200K,  72% used [0x06110000, 0x06357d48, 0x06430000)
  to   space 3200K,   0% used [0x06430000, 0x06430000, 0x06750000)
 tenured generation   total 64048K, used 39284K [0x24800000, 0x2868c000, 0x64800000)
   the space 64048K,  61% used [0x24800000, 0x26e5d260, 0x26e5d400, 0x2868c000)
 Metaspace       used 37480K, capacity 38555K, committed 38656K, reserved 39296K
}
Event: 2669.129 GC heap before
{Heap before GC invocations=130 (full 8):
 def new generation   total 28864K, used 27999K [0x04800000, 0x06750000, 0x24800000)
  eden space 25664K, 100% used [0x04800000, 0x06110000, 0x06110000)
  from space 3200K,  72% used [0x06110000, 0x06357d48, 0x06430000)
  to   space 3200K,   0% used [0x06430000, 0x06430000, 0x06750000)
 tenured generation   total 64048K, used 39284K [0x24800000, 0x2868c000, 0x64800000)
   the space 64048K,  61% used [0x24800000, 0x26e5d260, 0x26e5d400, 0x2868c000)
 Metaspace       used 37493K, capacity 38575K, committed 38656K, reserved 39296K
Event: 2669.213 GC heap after
Heap after GC invocations=131 (full 8):
 def new generation   total 28864K, used 3200K [0x04800000, 0x06750000, 0x24800000)
  eden space 25664K,   0% used [0x04800000, 0x04800000, 0x06110000)
  from space 3200K, 100% used [0x06430000, 0x06750000, 0x06750000)
  to   space 3200K,   0% used [0x06110000, 0x06110000, 0x06430000)
 tenured generation   total 64048K, used 44117K [0x24800000, 0x2868c000, 0x64800000)
   the space 64048K,  68% used [0x24800000, 0x27315708, 0x27315800, 0x2868c000)
 Metaspace       used 37493K, capacity 38575K, committed 38656K, reserved 39296K
}
Event: 2672.558 GC heap before
{Heap before GC invocations=131 (full 8):
 def new generation   total 28864K, used 28864K [0x04800000, 0x06750000, 0x24800000)
  eden space 25664K, 100% used [0x04800000, 0x06110000, 0x06110000)
  from space 3200K, 100% used [0x06430000, 0x06750000, 0x06750000)
  to   space 3200K,   0% used [0x06110000, 0x06110000, 0x06430000)
 tenured generation   total 64048K, used 44117K [0x24800000, 0x2868c000, 0x64800000)
   the space 64048K,  68% used [0x24800000, 0x27315708, 0x27315800, 0x2868c000)
 Metaspace       used 37493K, capacity 38575K, committed 38656K, reserved 39296K
Event: 2672.730 GC heap after
Heap after GC invocations=132 (full 8):
 def new generation   total 28864K, used 3200K [0x04800000, 0x06750000, 0x24800000)
  eden space 25664K,   0% used [0x04800000, 0x04800000, 0x06110000)
  from space 3200K, 100% used [0x06110000, 0x06430000, 0x06430000)
  to   space 3200K,   0% used [0x06430000, 0x06430000, 0x06750000)
 tenured generation   total 64048K, used 49054K [0x24800000, 0x2868c000, 0x64800000)
   the space 64048K,  76% used [0x24800000, 0x277e7ab8, 0x277e7c00, 0x2868c000)
 Metaspace       used 37493K, capacity 38575K, committed 38656K, reserved 39296K
}
Event: 2678.853 GC heap before
{Heap before GC invocations=132 (full 8):
 def new generation   total 28864K, used 28864K [0x04800000, 0x06750000, 0x24800000)
  eden space 25664K, 100% used [0x04800000, 0x06110000, 0x06110000)
  from space 3200K, 100% used [0x06110000, 0x06430000, 0x06430000)
  to   space 3200K,   0% used [0x06430000, 0x06430000, 0x06750000)
 tenured generation   total 64048K, used 49054K [0x24800000, 0x2868c000, 0x64800000)
   the space 64048K,  76% used [0x24800000, 0x277e7ab8, 0x277e7c00, 0x2868c000)
 Metaspace       used 38220K, capacity 39286K, committed 39296K, reserved 39296K
Event: 2679.810 GC heap after
Heap after GC invocations=133 (full 8):
 def new generation   total 28864K, used 2160K [0x04800000, 0x06750000, 0x24800000)
  eden space 25664K,   0% used [0x04800000, 0x04800000, 0x06110000)
  from space 3200K,  67% used [0x06430000, 0x0664c120, 0x06750000)
  to   space 3200K,   0% used [0x06110000, 0x06110000, 0x06430000)
 tenured generation   total 64048K, used 52171K [0x24800000, 0x2868c000, 0x64800000)
   the space 64048K,  81% used [0x24800000, 0x27af2c20, 0x27af2e00, 0x2868c000)
 Metaspace       used 38220K, capacity 39286K, committed 39296K, reserved 39296K
}

