# JRE version: Java(TM) SE Runtime Environment (8.0_111-b14) (build 1.8.0_111-b14)
# Java VM: Java HotSpot(TM) Client VM (25.111-b14 mixed mode windows-x86 )
Heap:
 def new generation   total 26816K, used 21988K [0x04200000, 0x05f10000, 0x24200000)
  eden space 23872K,  79% used [0x04200000, 0x05499318, 0x05950000)
  from space 2944K, 100% used [0x05c30000, 0x05f10000, 0x05f10000)
  to   space 2944K,   0% used [0x05950000, 0x05950000, 0x05c30000)
 tenured generation   total 59380K, used 43880K [0x24200000, 0x27bfd000, 0x64200000)
   the space 59380K,  73% used [0x24200000, 0x26cda3b0, 0x26cda400, 0x27bfd000)
 Metaspace       used 33780K, capacity 34794K, committed 34816K, reserved 35200K
GC Heap History (10 events):
Event: 52.905 GC heap before
{Heap before GC invocations=93 (full 5):
 def new generation   total 26816K, used 25471K [0x04200000, 0x05f10000, 0x24200000)
  eden space 23872K, 100% used [0x04200000, 0x05950000, 0x05950000)
  from space 2944K,  54% used [0x05950000, 0x05adfc48, 0x05c30000)
  to   space 2944K,   0% used [0x05c30000, 0x05c30000, 0x05f10000)
 tenured generation   total 59380K, used 35627K [0x24200000, 0x27bfd000, 0x64200000)
   the space 59380K,  59% used [0x24200000, 0x264caef0, 0x264cb000, 0x27bfd000)
 Metaspace       used 31002K, capacity 31999K, committed 32000K, reserved 32128K
Event: 52.914 GC heap after
Heap after GC invocations=94 (full 5):
 def new generation   total 26816K, used 738K [0x04200000, 0x05f10000, 0x24200000)
  eden space 23872K,   0% used [0x04200000, 0x04200000, 0x05950000)
  from space 2944K,  25% used [0x05c30000, 0x05ce8b98, 0x05f10000)
  to   space 2944K,   0% used [0x05950000, 0x05950000, 0x05c30000)
 tenured generation   total 59380K, used 36683K [0x24200000, 0x27bfd000, 0x64200000)
   the space 59380K,  61% used [0x24200000, 0x265d2d98, 0x265d2e00, 0x27bfd000)
 Metaspace       used 31002K, capacity 31999K, committed 32000K, reserved 32128K
}
Event: 53.973 GC heap before
{Heap before GC invocations=94 (full 5):
 def new generation   total 26816K, used 24610K [0x04200000, 0x05f10000, 0x24200000)
  eden space 23872K, 100% used [0x04200000, 0x05950000, 0x05950000)
  from space 2944K,  25% used [0x05c30000, 0x05ce8b98, 0x05f10000)
  to   space 2944K,   0% used [0x05950000, 0x05950000, 0x05c30000)
 tenured generation   total 59380K, used 36683K [0x24200000, 0x27bfd000, 0x64200000)
   the space 59380K,  61% used [0x24200000, 0x265d2d98, 0x265d2e00, 0x27bfd000)
 Metaspace       used 31021K, capacity 32016K, committed 32128K, reserved 32128K
Event: 53.992 GC heap after
Heap after GC invocations=95 (full 5):
 def new generation   total 26816K, used 2157K [0x04200000, 0x05f10000, 0x24200000)
  eden space 23872K,   0% used [0x04200000, 0x04200000, 0x05950000)
  from space 2944K,  73% used [0x05950000, 0x05b6b7e8, 0x05c30000)
  to   space 2944K,   0% used [0x05c30000, 0x05c30000, 0x05f10000)
 tenured generation   total 59380K, used 36683K [0x24200000, 0x27bfd000, 0x64200000)
   the space 59380K,  61% used [0x24200000, 0x265d2d98, 0x265d2e00, 0x27bfd000)
 Metaspace       used 31021K, capacity 32016K, committed 32128K, reserved 32128K
}
Event: 57.404 GC heap before
{Heap before GC invocations=95 (full 5):
 def new generation   total 26816K, used 26029K [0x04200000, 0x05f10000, 0x24200000)
  eden space 23872K, 100% used [0x04200000, 0x05950000, 0x05950000)
  from space 2944K,  73% used [0x05950000, 0x05b6b7e8, 0x05c30000)
  to   space 2944K,   0% used [0x05c30000, 0x05c30000, 0x05f10000)
 tenured generation   total 59380K, used 36683K [0x24200000, 0x27bfd000, 0x64200000)
   the space 59380K,  61% used [0x24200000, 0x265d2d98, 0x265d2e00, 0x27bfd000)
 Metaspace       used 32297K, capacity 33304K, committed 33408K, reserved 34176K
Event: 57.425 GC heap after
Heap after GC invocations=96 (full 5):
 def new generation   total 26816K, used 2486K [0x04200000, 0x05f10000, 0x24200000)
  eden space 23872K,   0% used [0x04200000, 0x04200000, 0x05950000)
  from space 2944K,  84% used [0x05c30000, 0x05e9db78, 0x05f10000)
  to   space 2944K,   0% used [0x05950000, 0x05950000, 0x05c30000)
 tenured generation   total 59380K, used 38717K [0x24200000, 0x27bfd000, 0x64200000)
   the space 59380K,  65% used [0x24200000, 0x267cf690, 0x267cf800, 0x27bfd000)
 Metaspace       used 32297K, capacity 33304K, committed 33408K, reserved 34176K
}
Event: 59.226 GC heap before
{Heap before GC invocations=96 (full 5):
 def new generation   total 26816K, used 26358K [0x04200000, 0x05f10000, 0x24200000)
  eden space 23872K, 100% used [0x04200000, 0x05950000, 0x05950000)
  from space 2944K,  84% used [0x05c30000, 0x05e9db78, 0x05f10000)
  to   space 2944K,   0% used [0x05950000, 0x05950000, 0x05c30000)
 tenured generation   total 59380K, used 38717K [0x24200000, 0x27bfd000, 0x64200000)
   the space 59380K,  65% used [0x24200000, 0x267cf690, 0x267cf800, 0x27bfd000)
 Metaspace       used 32633K, capacity 33627K, committed 33664K, reserved 34176K
Event: 59.253 GC heap after
Heap after GC invocations=97 (full 5):
 def new generation   total 26816K, used 2943K [0x04200000, 0x05f10000, 0x24200000)
  eden space 23872K,   0% used [0x04200000, 0x04200000, 0x05950000)
  from space 2944K,  99% used [0x05950000, 0x05c2ff20, 0x05c30000)
  to   space 2944K,   0% used [0x05c30000, 0x05c30000, 0x05f10000)
 tenured generation   total 59380K, used 40407K [0x24200000, 0x27bfd000, 0x64200000)
   the space 59380K,  68% used [0x24200000, 0x26975c20, 0x26975e00, 0x27bfd000)
 Metaspace       used 32633K, capacity 33627K, committed 33664K, reserved 34176K
}
Event: 59.850 GC heap before
{Heap before GC invocations=97 (full 5):
 def new generation   total 26816K, used 26815K [0x04200000, 0x05f10000, 0x24200000)
  eden space 23872K, 100% used [0x04200000, 0x05950000, 0x05950000)
  from space 2944K,  99% used [0x05950000, 0x05c2ff20, 0x05c30000)
  to   space 2944K,   0% used [0x05c30000, 0x05c30000, 0x05f10000)
 tenured generation   total 59380K, used 40407K [0x24200000, 0x27bfd000, 0x64200000)
   the space 59380K,  68% used [0x24200000, 0x26975c20, 0x26975e00, 0x27bfd000)
 Metaspace       used 32637K, capacity 33629K, committed 33664K, reserved 34176K
Event: 59.890 GC heap after
Heap after GC invocations=98 (full 5):
 def new generation   total 26816K, used 2944K [0x04200000, 0x05f10000, 0x24200000)
  eden space 23872K,   0% used [0x04200000, 0x04200000, 0x05950000)
  from space 2944K, 100% used [0x05c30000, 0x05f10000, 0x05f10000)
  to   space 2944K,   0% used [0x05950000, 0x05950000, 0x05c30000)
 tenured generation   total 59380K, used 43880K [0x24200000, 0x27bfd000, 0x64200000)
   the space 59380K,  73% used [0x24200000, 0x26cda3b0, 0x26cda400, 0x27bfd000)
 Metaspace       used 32637K, capacity 33629K, committed 33664K, reserved 34176K
}

